{
  "0 debug pnpm:scope": {
    "selected": 1
  },
  "1 error pnpm": {
    "code": "ELIFECYCLE",
    "errno": "ENOENT",
    "syscall": "spawn",
    "file": "sh",
    "pkgid": "plus-ultra-website@0.1.0",
    "stage": "dev",
    "script": "next dev",
    "pkgname": "plus-ultra-website",
    "err": {
      "name": "Error",
      "message": "plus-ultra-website@0.1.0 dev: `next dev`\nspawn ENOENT",
      "code": "ELIFECYCLE",
      "stack": "Error: plus-ultra-website@0.1.0 dev: `next dev`\nspawn ENOENT\n    at ChildProcess.<anonymous> (/Users/slavendjervida/.node/corepack/pnpm/6.11.0/dist/pnpm.cjs:93073:22)\n    at ChildProcess.emit (node:events:513:28)\n    at maybeClose (node:internal/child_process:1091:16)\n    at ChildProcess._handle.onexit (node:internal/child_process:302:5)"
    }
  }
}